TN:
SF:src/main/auto-updater.js
FN:10,initAutoUpdater
FN:23,setupEventHandlers
FN:24,(anonymous_2)
FN:28,(anonymous_3)
FN:35,(anonymous_4)
FN:39,(anonymous_5)
FN:43,(anonymous_6)
FN:54,(anonymous_7)
FN:65,checkForUpdatesAndNotify
FN:72,quitAndInstall
FN:80,startUpdateCheck
FN:81,(anonymous_11)
FNF:12
FNH:12
FNDA:14,initAutoUpdater
FNDA:14,setupEventHandlers
FNDA:1,(anonymous_2)
FNDA:2,(anonymous_3)
FNDA:1,(anonymous_4)
FNDA:1,(anonymous_5)
FNDA:2,(anonymous_6)
FNDA:2,(anonymous_7)
FNDA:4,checkForUpdatesAndNotify
FNDA:1,quitAndInstall
FNDA:3,startUpdateCheck
FNDA:3,(anonymous_11)
DA:1,17
DA:2,17
DA:4,17
DA:11,14
DA:14,14
DA:17,14
DA:24,14
DA:25,1
DA:28,14
DA:29,2
DA:30,2
DA:31,1
DA:35,14
DA:36,1
DA:39,14
DA:40,1
DA:43,14
DA:44,2
DA:45,2
DA:46,2
DA:47,2
DA:49,2
DA:50,1
DA:54,14
DA:55,2
DA:56,2
DA:57,1
DA:66,4
DA:73,1
DA:81,3
DA:82,3
DA:86,17
LF:32
LH:32
BRDA:30,0,0,1
BRDA:30,0,1,1
BRDA:49,1,0,1
BRDA:49,1,1,1
BRDA:56,2,0,1
BRDA:56,2,1,1
BRDA:80,3,0,1
BRF:7
BRH:7
end_of_record
TN:
SF:src/main/ipc-handlers.js
FN:17,setupIpcHandlers
FN:19,(anonymous_1)
FN:21,(anonymous_2)
FN:29,(anonymous_3)
FN:33,(anonymous_4)
FN:37,(anonymous_5)
FN:41,(anonymous_6)
FN:45,(anonymous_7)
FN:49,(anonymous_8)
FN:57,(anonymous_9)
FN:63,(anonymous_10)
FN:67,(anonymous_11)
FNF:12
FNH:12
FNDA:11,setupIpcHandlers
FNDA:1,(anonymous_1)
FNDA:2,(anonymous_2)
FNDA:1,(anonymous_3)
FNDA:1,(anonymous_4)
FNDA:1,(anonymous_5)
FNDA:1,(anonymous_6)
FNDA:1,(anonymous_7)
FNDA:1,(anonymous_8)
FNDA:1,(anonymous_9)
FNDA:1,(anonymous_10)
FNDA:1,(anonymous_11)
DA:1,1
DA:2,1
DA:3,1
DA:10,1
DA:14,1
DA:15,1
DA:19,11
DA:20,1
DA:22,2
DA:26,1
DA:29,11
DA:30,1
DA:33,11
DA:34,1
DA:37,11
DA:38,1
DA:41,11
DA:42,1
DA:45,11
DA:46,1
DA:49,11
DA:50,1
DA:51,1
DA:52,1
DA:53,1
DA:57,11
DA:59,1
DA:60,1
DA:63,11
DA:64,1
DA:67,11
DA:68,1
DA:72,1
LF:33
LH:33
BRDA:22,0,0,1
BRDA:22,0,1,1
BRF:2
BRH:2
end_of_record
TN:
SF:src/main/logger.js
FN:6,(anonymous_0)
FNF:1
FNH:1
FNDA:1,(anonymous_0)
DA:1,7
DA:2,7
DA:3,7
DA:6,7
DA:7,1
DA:8,1
DA:12,7
DA:13,7
DA:16,7
DA:17,7
DA:20,7
DA:21,6
DA:24,7
LF:13
LH:13
BRDA:20,0,0,6
BRDA:20,0,1,1
BRF:2
BRH:2
end_of_record
TN:
SF:src/main/settings.js
FN:43,loadSettings
FN:47,saveSettingsToFile
FN:49,(anonymous_2)
FN:58,getSettings
FNF:4
FNH:4
FNDA:1,loadSettings
FNDA:3,saveSettingsToFile
FNDA:4,(anonymous_2)
FNDA:1,getSettings
DA:1,6
DA:2,6
DA:4,6
DA:48,3
DA:49,3
DA:50,4
DA:53,1
DA:54,1
DA:59,1
DA:62,6
LF:10
LH:10
BRDA:1,0,0,6
BRDA:1,0,1,6
BRF:2
BRH:2
end_of_record
TN:
SF:src/main/slack.js
FN:7,convertMarkdownToSlackMrkdwn
FN:28,postToSlack
FN:53,resetSlackClient
FNF:3
FNH:3
FNDA:8,convertMarkdownToSlackMrkdwn
FNDA:10,postToSlack
FNDA:8,resetSlackClient
DA:1,1
DA:2,1
DA:3,1
DA:5,1
DA:8,8
DA:11,8
DA:12,8
DA:13,8
DA:16,8
DA:19,8
DA:20,8
DA:23,8
DA:25,8
DA:29,10
DA:30,10
DA:31,10
DA:33,10
DA:34,2
DA:37,8
DA:38,7
DA:41,8
DA:42,8
DA:43,8
DA:49,1
DA:54,8
DA:57,1
LF:26
LH:26
BRDA:33,0,0,2
BRDA:33,0,1,8
BRDA:33,1,0,10
BRDA:33,1,1,9
BRDA:37,2,0,7
BRDA:37,2,1,1
BRDA:37,3,0,8
BRDA:37,3,1,2
BRF:8
BRH:8
end_of_record
TN:
SF:src/main/transcription.js
FN:51,calculateRetryDelay
FN:60,startKeepAlive
FN:65,(anonymous_2)
FN:93,stopKeepAlive
FN:101,createTranscriberWithRetry
FN:160,(anonymous_5)
FN:173,setupTranscriberHandlers
FN:176,(anonymous_7)
FN:184,(anonymous_8)
FN:198,(anonymous_9)
FN:219,(anonymous_10)
FN:225,(anonymous_11)
FN:248,processRecordingComplete
FN:277,startTranscription
FN:300,(anonymous_14)
FN:330,stopTranscription
FN:338,(anonymous_16)
FN:367,(anonymous_17)
FN:374,sendMicrophoneAudio
FN:385,sendSystemAudio
FN:396,resetAai
FNF:21
FNH:0
FNDA:0,calculateRetryDelay
FNDA:0,startKeepAlive
FNDA:0,(anonymous_2)
FNDA:0,stopKeepAlive
FNDA:0,createTranscriberWithRetry
FNDA:0,(anonymous_5)
FNDA:0,setupTranscriberHandlers
FNDA:0,(anonymous_7)
FNDA:0,(anonymous_8)
FNDA:0,(anonymous_9)
FNDA:0,(anonymous_10)
FNDA:0,(anonymous_11)
FNDA:0,processRecordingComplete
FNDA:0,startTranscription
FNDA:0,(anonymous_14)
FNDA:0,stopTranscription
FNDA:0,(anonymous_16)
FNDA:0,(anonymous_17)
FNDA:0,sendMicrophoneAudio
FNDA:0,sendSystemAudio
FNDA:0,resetAai
DA:1,0
DA:2,0
DA:3,0
DA:4,0
DA:6,0
DA:7,0
DA:8,0
DA:10,0
DA:11,0
DA:14,0
DA:19,0
DA:22,0
DA:30,0
DA:45,0
DA:46,0
DA:49,0
DA:52,0
DA:57,0
DA:61,0
DA:62,0
DA:65,0
DA:67,0
DA:69,0
DA:70,0
DA:71,0
DA:72,0
DA:74,0
DA:78,0
DA:79,0
DA:80,0
DA:81,0
DA:83,0
DA:88,0
DA:94,0
DA:95,0
DA:96,0
DA:97,0
DA:102,0
DA:104,0
DA:105,0
DA:108,0
DA:110,0
DA:111,0
DA:115,0
DA:119,0
DA:121,0
DA:123,0
DA:124,0
DA:126,0
DA:129,0
DA:130,0
DA:131,0
DA:133,0
DA:136,0
DA:141,0
DA:144,0
DA:145,0
DA:146,0
DA:148,0
DA:149,0
DA:150,0
DA:152,0
DA:153,0
DA:160,0
DA:161,0
DA:164,0
DA:165,0
DA:174,0
DA:176,0
DA:177,0
DA:178,0
DA:184,0
DA:185,0
DA:188,0
DA:189,0
DA:191,0
DA:198,0
DA:199,0
DA:200,0
DA:201,0
DA:203,0
DA:204,0
DA:206,0
DA:209,0
DA:215,0
DA:216,0
DA:217,0
DA:219,0
DA:220,0
DA:225,0
DA:226,0
DA:228,0
DA:229,0
DA:230,0
DA:231,0
DA:233,0
DA:235,0
DA:240,0
DA:249,0
DA:250,0
DA:251,0
DA:254,0
DA:255,0
DA:257,0
DA:258,0
DA:259,0
DA:261,0
DA:262,0
DA:267,0
DA:269,0
DA:270,0
DA:272,0
DA:273,0
DA:278,0
DA:279,0
DA:281,0
DA:282,0
DA:286,0
DA:289,0
DA:291,0
DA:292,0
DA:295,0
DA:296,0
DA:297,0
DA:300,0
DA:301,0
DA:302,0
DA:303,0
DA:304,0
DA:305,0
DA:306,0
DA:310,0
DA:311,0
DA:314,0
DA:319,0
DA:321,0
DA:323,0
DA:324,0
DA:325,0
DA:326,0
DA:331,0
DA:332,0
DA:335,0
DA:338,0
DA:339,0
DA:340,0
DA:341,0
DA:343,0
DA:346,0
DA:347,0
DA:348,0
DA:350,0
DA:352,0
DA:355,0
DA:356,0
DA:357,0
DA:359,0
DA:361,0
DA:364,0
DA:365,0
DA:367,0
DA:368,0
DA:371,0
DA:375,0
DA:376,0
DA:377,0
DA:378,0
DA:380,0
DA:386,0
DA:387,0
DA:388,0
DA:389,0
DA:391,0
DA:397,0
DA:400,0
LF:175
LH:0
BRDA:61,0,0,0
BRDA:61,0,1,0
BRDA:69,1,0,0
BRDA:69,1,1,0
BRDA:69,2,0,0
BRDA:69,2,1,0
BRDA:78,3,0,0
BRDA:78,3,1,0
BRDA:78,4,0,0
BRDA:78,4,1,0
BRDA:94,5,0,0
BRDA:94,5,1,0
BRDA:104,6,0,0
BRDA:104,6,1,0
BRDA:104,7,0,0
BRDA:104,7,1,0
BRDA:104,7,2,0
BRDA:123,8,0,0
BRDA:123,8,1,0
BRDA:136,9,0,0
BRDA:136,9,1,0
BRDA:137,10,0,0
BRDA:137,10,1,0
BRDA:137,10,2,0
BRDA:148,11,0,0
BRDA:148,11,1,0
BRDA:148,12,0,0
BRDA:148,12,1,0
BRDA:188,13,0,0
BRDA:188,13,1,0
BRDA:188,14,0,0
BRDA:188,14,1,0
BRDA:203,15,0,0
BRDA:203,15,1,0
BRDA:215,16,0,0
BRDA:215,16,1,0
BRDA:215,17,0,0
BRDA:215,17,1,0
BRDA:226,18,0,0
BRDA:226,18,1,0
BRDA:228,19,0,0
BRDA:228,19,1,0
BRDA:230,20,0,0
BRDA:230,20,1,0
BRDA:250,21,0,0
BRDA:250,21,1,0
BRDA:259,22,0,0
BRDA:259,22,1,0
BRDA:281,23,0,0
BRDA:281,23,1,0
BRDA:291,24,0,0
BRDA:291,24,1,0
BRDA:293,25,0,0
BRDA:293,25,1,0
BRDA:304,26,0,0
BRDA:304,26,1,0
BRDA:339,27,0,0
BRDA:339,27,1,0
BRDA:346,28,0,0
BRDA:346,28,1,0
BRDA:355,29,0,0
BRDA:355,29,1,0
BRDA:375,30,0,0
BRDA:375,30,1,0
BRDA:386,31,0,0
BRDA:386,31,1,0
BRF:66
BRH:0
end_of_record
TN:
SF:src/renderer/audio-processing.js
FN:1,(anonymous_0)
FN:7,startAudioProcessing
FN:19,(anonymous_2)
FN:40,(anonymous_3)
FN:51,stopAudioProcessing
FN:81,setRecordingState
FNF:6
FNH:6
FNDA:1,(anonymous_0)
FNDA:7,startAudioProcessing
FNDA:1,(anonymous_2)
FNDA:1,(anonymous_3)
FNDA:2,stopAudioProcessing
FNDA:3,setRecordingState
DA:1,1
DA:2,1
DA:3,1
DA:4,1
DA:5,1
DA:8,7
DA:10,7
DA:13,7
DA:14,7
DA:19,7
DA:20,1
DA:21,1
DA:25,7
DA:26,7
DA:28,7
DA:29,4
DA:31,4
DA:34,4
DA:35,4
DA:40,4
DA:41,1
DA:42,1
DA:46,4
DA:47,4
DA:52,2
DA:53,1
DA:57,1
DA:58,1
DA:61,2
DA:62,1
DA:66,1
DA:67,1
DA:70,2
DA:71,1
DA:72,1
DA:75,2
DA:76,1
DA:77,1
DA:82,3
DA:83,3
DA:88,3
DA:89,2
DA:96,1
LF:43
LH:43
BRDA:20,0,0,1
BRDA:20,0,1,0
BRDA:28,1,0,4
BRDA:28,1,1,3
BRDA:41,2,0,1
BRDA:41,2,1,0
BRDA:52,3,0,1
BRDA:52,3,1,1
BRDA:61,4,0,1
BRDA:61,4,1,1
BRDA:70,5,0,1
BRDA:70,5,1,1
BRDA:75,6,0,1
BRDA:75,6,1,1
BRDA:82,7,0,3
BRDA:82,7,1,0
BRDA:88,8,0,2
BRDA:88,8,1,1
BRF:18
BRH:15
end_of_record
TN:
SF:src/renderer/audio-processor.js
FN:2,(anonymous_0)
FN:7,(anonymous_1)
FN:14,(anonymous_2)
FNF:3
FNH:3
FNDA:12,(anonymous_0)
FNDA:2,(anonymous_1)
FNDA:8,(anonymous_2)
DA:3,12
DA:4,12
DA:7,12
DA:8,2
DA:9,1
DA:15,8
DA:17,7
DA:18,7
DA:19,5
DA:21,5
DA:23,3
DA:25,3
DA:26,12
DA:27,12
DA:31,3
DA:38,7
DA:42,13
LF:17
LH:17
BRDA:8,0,0,1
BRDA:8,0,1,1
BRDA:15,1,0,1
BRDA:15,1,1,7
BRDA:18,2,0,5
BRDA:18,2,1,2
BRDA:18,3,0,7
BRDA:18,3,1,6
BRDA:21,4,0,3
BRDA:21,4,1,2
BRDA:21,5,0,5
BRDA:21,5,1,4
BRDA:27,6,0,5
BRDA:27,6,1,7
BRF:14
BRH:14
end_of_record
TN:
SF:src/renderer/auto-updater-ui.js
FN:1,(anonymous_0)
FN:10,createUpdateNotification
FN:29,(anonymous_2)
FN:41,createUpdateDialog
FN:58,(anonymous_4)
FN:64,(anonymous_5)
FN:79,updateDialogProgress
FN:92,(anonymous_7)
FN:107,handleUpdateAvailable
FN:116,handleDownloadProgress
FN:127,handleUpdateDownloaded
FN:137,initAutoUpdaterUI
FNF:12
FNH:0
FNDA:0,(anonymous_0)
FNDA:0,createUpdateNotification
FNDA:0,(anonymous_2)
FNDA:0,createUpdateDialog
FNDA:0,(anonymous_4)
FNDA:0,(anonymous_5)
FNDA:0,updateDialogProgress
FNDA:0,(anonymous_7)
FNDA:0,handleUpdateAvailable
FNDA:0,handleDownloadProgress
FNDA:0,handleUpdateDownloaded
FNDA:0,initAutoUpdaterUI
DA:1,0
DA:3,0
DA:12,0
DA:13,0
DA:16,0
DA:17,0
DA:18,0
DA:25,0
DA:28,0
DA:29,0
DA:30,0
DA:31,0
DA:42,0
DA:43,0
DA:44,0
DA:55,0
DA:58,0
DA:59,0
DA:60,0
DA:64,0
DA:65,0
DA:69,0
DA:80,0
DA:81,0
DA:83,0
DA:84,0
DA:92,0
DA:93,0
DA:96,0
DA:108,0
DA:109,0
DA:117,0
DA:118,0
DA:119,0
DA:128,0
DA:129,0
DA:130,0
DA:139,0
DA:140,0
DA:141,0
DA:145,0
LF:41
LH:0
BRDA:10,0,0,0
BRDA:12,1,0,0
BRDA:12,1,1,0
BRDA:28,2,0,0
BRDA:28,2,1,0
BRDA:30,3,0,0
BRDA:30,3,1,0
BRDA:79,4,0,0
BRDA:79,5,0,0
BRDA:81,6,0,0
BRDA:81,6,1,0
BRDA:83,7,0,0
BRDA:83,7,1,0
BRDA:118,8,0,0
BRDA:118,8,1,0
BRDA:129,9,0,0
BRDA:129,9,1,0
BRF:17
BRH:0
end_of_record
TN:
SF:src/renderer/echo-cancellation.js
FN:1,(anonymous_0)
FN:8,createEchoCancellationProcessor
FN:18,processEchoCancellation
FN:58,cleanupEchoCancellation
FN:72,(anonymous_4)
FNF:5
FNH:0
FNDA:0,(anonymous_0)
FNDA:0,createEchoCancellationProcessor
FNDA:0,processEchoCancellation
FNDA:0,cleanupEchoCancellation
FNDA:0,(anonymous_4)
DA:1,0
DA:2,0
DA:3,0
DA:4,0
DA:5,0
DA:6,0
DA:9,0
DA:12,0
DA:15,0
DA:19,0
DA:20,0
DA:23,0
DA:25,0
DA:28,0
DA:29,0
DA:34,0
DA:35,0
DA:36,0
DA:38,0
DA:39,0
DA:40,0
DA:42,0
DA:43,0
DA:45,0
DA:46,0
DA:48,0
DA:50,0
DA:51,0
DA:53,0
DA:55,0
DA:59,0
DA:60,0
DA:61,0
DA:63,0
DA:64,0
DA:65,0
DA:67,0
DA:68,0
DA:69,0
DA:71,0
DA:72,0
DA:73,0
DA:75,0
DA:78,0
LF:44
LH:0
BRDA:9,0,0,0
BRDA:9,0,1,0
BRDA:19,1,0,0
BRDA:19,1,1,0
BRDA:59,2,0,0
BRDA:59,2,1,0
BRDA:63,3,0,0
BRDA:63,3,1,0
BRDA:67,4,0,0
BRDA:67,4,1,0
BRDA:71,5,0,0
BRDA:71,5,1,0
BRF:12
BRH:0
end_of_record
TN:
SF:src/renderer/settings-modal.js
FN:1,(anonymous_0)
FN:11,initializeModal
FN:31,showSettingsModal
FN:37,hideSettingsModal
FN:41,loadSettings
FN:53,saveSettings
FN:71,setupSettingsModalEvents
FN:76,(anonymous_7)
FN:82,(anonymous_8)
FNF:9
FNH:0
FNDA:0,(anonymous_0)
FNDA:0,initializeModal
FNDA:0,showSettingsModal
FNDA:0,hideSettingsModal
FNDA:0,loadSettings
FNDA:0,saveSettings
FNDA:0,setupSettingsModalEvents
FNDA:0,(anonymous_7)
FNDA:0,(anonymous_8)
DA:1,0
DA:9,0
DA:12,0
DA:14,0
DA:15,0
DA:16,0
DA:17,0
DA:19,0
DA:20,0
DA:21,0
DA:22,0
DA:23,0
DA:24,0
DA:25,0
DA:27,0
DA:28,0
DA:32,0
DA:33,0
DA:34,0
DA:38,0
DA:42,0
DA:43,0
DA:44,0
DA:45,0
DA:46,0
DA:47,0
DA:49,0
DA:54,0
DA:55,0
DA:62,0
DA:63,0
DA:64,0
DA:66,0
DA:67,0
DA:72,0
DA:73,0
DA:74,0
DA:76,0
DA:77,0
DA:78,0
DA:82,0
DA:83,0
DA:84,0
DA:89,0
LF:44
LH:0
BRDA:12,0,0,0
BRDA:12,0,1,0
BRDA:44,1,0,0
BRDA:44,1,1,0
BRDA:45,2,0,0
BRDA:45,2,1,0
BRDA:46,3,0,0
BRDA:46,3,1,0
BRDA:47,4,0,0
BRDA:47,4,1,0
BRDA:72,5,0,0
BRDA:72,5,1,0
BRDA:72,6,0,0
BRDA:72,6,1,0
BRDA:72,6,2,0
BRDA:77,7,0,0
BRDA:77,7,1,0
BRDA:83,8,0,0
BRDA:83,8,1,0
BRDA:83,9,0,0
BRDA:83,9,1,0
BRF:21
BRH:0
end_of_record
